<?xml version="1.0" encoding="UTF-8"?>
<!-- Generated by org.testng.reporters.JUnitXMLReporter -->
<testsuite hostname="DEBOMALYA-PC" name="Default test" tests="3" failures="0" timestamp="30 May 2019 05:53:30 GMT" time="101.02" errors="0">
  <testcase name="homePageTitleTest" time="0.176" classname="com.crm.qa.testcases.HomePageTest"/>
  <testcase name="verifyUserNameTest" time="0.395" classname="com.crm.qa.testcases.HomePageTest"/>
  <testcase name="verifyContactPageTest" time="2.577" classname="com.crm.qa.testcases.HomePageTest"/>
</testsuite> <!-- Default test -->
