<?xml version="1.0" encoding="UTF-8"?>
<!-- Generated by org.testng.reporters.JUnitXMLReporter -->
<testsuite hostname="DESKTOP-ECIJ5C5" name="Default test" tests="4" failures="0" timestamp="23 Aug 2019 19:03:42 GMT" time="100.326" errors="0">
  <testcase name="HalfEbayTest" time="2.528" classname="testngpractice.HalfEbay"/>
  <testcase name="HalfEbayTest" time="2.039" classname="testngpractice.HalfEbay"/>
  <testcase name="HalfEbayTest" time="2.599" classname="testngpractice.HalfEbay"/>
  <testcase name="HalfEbayTest" time="11.843" classname="testngpractice.HalfEbay"/>
</testsuite> <!-- Default test -->
