<?xml version="1.0" encoding="UTF-8"?>
<testng-results skipped="0" failed="0" total="3" passed="3">
  <reporter-output>
  </reporter-output>
  <suite name="Default suite" duration-ms="101020" started-at="2019-05-30T05:51:48Z" finished-at="2019-05-30T05:53:29Z">
    <groups>
    </groups>
    <test name="Default test" duration-ms="101020" started-at="2019-05-30T05:51:48Z" finished-at="2019-05-30T05:53:29Z">
      <class name="com.crm.qa.testcases.HomePageTest">
        <test-method status="PASS" signature="setUp()[pri:0, instance:com.crm.qa.testcases.HomePageTest@1753acfe]" name="setUp" is-config="true" duration-ms="38879" started-at="2019-05-30T11:21:48Z" finished-at="2019-05-30T11:22:27Z">
          <reporter-output>
          </reporter-output>
        </test-method> <!-- setUp -->
        <test-method status="PASS" signature="homePageTitleTest()[pri:0, instance:com.crm.qa.testcases.HomePageTest@1753acfe]" name="homePageTitleTest" duration-ms="176" started-at="2019-05-30T11:22:27Z" finished-at="2019-05-30T11:22:27Z">
          <reporter-output>
          </reporter-output>
        </test-method> <!-- homePageTitleTest -->
        <test-method status="PASS" signature="taerDown()[pri:0, instance:com.crm.qa.testcases.HomePageTest@1753acfe]" name="taerDown" is-config="true" duration-ms="583" started-at="2019-05-30T11:22:27Z" finished-at="2019-05-30T11:22:28Z">
          <reporter-output>
          </reporter-output>
        </test-method> <!-- taerDown -->
        <test-method status="PASS" signature="setUp()[pri:0, instance:com.crm.qa.testcases.HomePageTest@1753acfe]" name="setUp" is-config="true" duration-ms="30965" started-at="2019-05-30T11:22:28Z" finished-at="2019-05-30T11:22:59Z">
          <reporter-output>
          </reporter-output>
        </test-method> <!-- setUp -->
        <test-method status="PASS" signature="verifyUserNameTest()[pri:0, instance:com.crm.qa.testcases.HomePageTest@1753acfe]" name="verifyUserNameTest" duration-ms="395" started-at="2019-05-30T11:22:59Z" finished-at="2019-05-30T11:22:59Z">
          <reporter-output>
          </reporter-output>
        </test-method> <!-- verifyUserNameTest -->
        <test-method status="PASS" signature="taerDown()[pri:0, instance:com.crm.qa.testcases.HomePageTest@1753acfe]" name="taerDown" is-config="true" duration-ms="690" started-at="2019-05-30T11:22:59Z" finished-at="2019-05-30T11:23:00Z">
          <reporter-output>
          </reporter-output>
        </test-method> <!-- taerDown -->
        <test-method status="PASS" signature="setUp()[pri:0, instance:com.crm.qa.testcases.HomePageTest@1753acfe]" name="setUp" is-config="true" duration-ms="26524" started-at="2019-05-30T11:23:00Z" finished-at="2019-05-30T11:23:26Z">
          <reporter-output>
          </reporter-output>
        </test-method> <!-- setUp -->
        <test-method status="PASS" signature="verifyContactPageTest()[pri:0, instance:com.crm.qa.testcases.HomePageTest@1753acfe]" name="verifyContactPageTest" duration-ms="2577" started-at="2019-05-30T11:23:26Z" finished-at="2019-05-30T11:23:29Z">
          <reporter-output>
          </reporter-output>
        </test-method> <!-- verifyContactPageTest -->
        <test-method status="PASS" signature="taerDown()[pri:0, instance:com.crm.qa.testcases.HomePageTest@1753acfe]" name="taerDown" is-config="true" duration-ms="154" started-at="2019-05-30T11:23:29Z" finished-at="2019-05-30T11:23:29Z">
          <reporter-output>
          </reporter-output>
        </test-method> <!-- taerDown -->
      </class> <!-- com.crm.qa.testcases.HomePageTest -->
    </test> <!-- Default test -->
  </suite> <!-- Default suite -->
</testng-results>
